TN:
SF:src/UniswapV2ERC20.sol
FN:37,UniswapV2ERC20._mint
FNDA:20,UniswapV2ERC20._mint
DA:38,20
DA:39,20
DA:40,20
FN:43,UniswapV2ERC20._burn
FNDA:1,UniswapV2ERC20._burn
DA:44,1
DA:45,1
DA:46,1
FN:49,UniswapV2ERC20._approve
FNDA:1,UniswapV2ERC20._approve
DA:50,1
DA:51,1
FN:54,UniswapV2ERC20._transfer
FNDA:36,UniswapV2ERC20._transfer
DA:55,36
DA:56,36
DA:57,36
FN:60,UniswapV2ERC20.approve
FNDA:1,UniswapV2ERC20.approve
DA:61,1
DA:62,1
FN:65,UniswapV2ERC20.transfer
FNDA:36,UniswapV2ERC20.transfer
DA:66,36
DA:67,36
FN:70,UniswapV2ERC20.transferFrom
FNDA:0,UniswapV2ERC20.transferFrom
DA:75,0
BRDA:75,0,0,-
BRDA:75,0,1,-
DA:76,0
DA:78,0
DA:79,0
FN:82,UniswapV2ERC20.permit
FNDA:0,UniswapV2ERC20.permit
DA:91,0
BRDA:91,1,0,-
BRDA:91,1,1,-
DA:92,0
DA:108,0
DA:109,0
BRDA:109,2,0,-
BRDA:109,2,1,-
DA:113,0
FNF:8
FNH:6
LF:24
LH:15
BRF:6
BRH:0
end_of_record
TN:
SF:src/UniswapV2Factory.sol
FN:18,UniswapV2Factory.allPairsLength
FNDA:0,UniswapV2Factory.allPairsLength
DA:19,0
FN:22,UniswapV2Factory.createPair
FNDA:0,UniswapV2Factory.createPair
DA:26,0
BRDA:26,0,0,-
BRDA:26,0,1,-
DA:27,0
DA:30,0
BRDA:30,1,0,-
BRDA:30,1,1,-
DA:31,0
BRDA:31,2,0,-
BRDA:31,2,1,-
DA:35,0
DA:36,0
DA:38,0
DA:40,0
DA:41,0
DA:42,0
DA:43,0
DA:44,0
FN:47,UniswapV2Factory.setFeeTo
FNDA:2,UniswapV2Factory.setFeeTo
DA:48,2
BRDA:48,3,0,-
BRDA:48,3,1,2
DA:49,2
FN:52,UniswapV2Factory.setFeeToSetter
FNDA:0,UniswapV2Factory.setFeeToSetter
DA:53,0
BRDA:53,4,0,-
BRDA:53,4,1,-
DA:54,0
FNF:4
FNH:1
LF:17
LH:2
BRF:10
BRH:1
end_of_record
TN:
SF:src/UniswapV2Pair.sol
FN:42,UniswapV2Pair.getReserves
FNDA:12,UniswapV2Pair.getReserves
DA:51,26
DA:52,26
DA:53,26
FN:56,UniswapV2Pair._safeTransfer
FNDA:6,UniswapV2Pair._safeTransfer
DA:57,6
DA:60,6
BRDA:60,0,0,-
BRDA:60,0,1,6
FN:71,UniswapV2Pair.initialize
FNDA:2,UniswapV2Pair.initialize
DA:72,2
BRDA:72,1,0,-
BRDA:72,1,1,2
DA:73,2
DA:74,2
FN:78,UniswapV2Pair._update
FNDA:16,UniswapV2Pair._update
DA:84,16
BRDA:84,2,0,-
BRDA:84,2,1,16
DA:88,16
DA:89,16
DA:90,16
BRDA:90,3,0,-
BRDA:90,3,1,16
DA:92,0
DA:95,0
DA:99,16
DA:100,16
DA:101,16
DA:102,16
FN:106,UniswapV2Pair._mintFee
FNDA:13,UniswapV2Pair._mintFee
DA:110,13
DA:111,13
DA:112,13
DA:113,13
BRDA:113,4,0,-
BRDA:113,4,1,-
DA:114,4
BRDA:114,5,0,-
BRDA:114,5,1,-
DA:115,2
DA:116,2
DA:117,2
BRDA:117,6,0,-
BRDA:117,6,1,-
DA:118,0
DA:119,0
DA:120,0
DA:121,0
BRDA:121,7,0,-
BRDA:121,7,1,-
DA:124,9
BRDA:124,8,0,-
BRDA:124,8,1,9
DA:125,0
FN:130,UniswapV2Pair.mint
FNDA:11,UniswapV2Pair.mint
DA:131,11
DA:132,11
DA:133,11
DA:134,11
DA:135,11
DA:137,11
DA:138,11
DA:139,11
BRDA:139,9,0,9
BRDA:139,9,1,2
DA:140,9
DA:141,9
DA:143,2
DA:148,11
BRDA:148,10,0,-
BRDA:148,10,1,11
DA:149,11
DA:151,11
DA:152,11
BRDA:152,11,0,3
BRDA:152,11,1,11
DA:153,11
FN:157,UniswapV2Pair.burn
FNDA:1,UniswapV2Pair.burn
DA:160,1
DA:161,1
DA:162,1
DA:163,1
DA:164,1
DA:165,1
DA:167,1
DA:168,1
DA:169,1
DA:170,1
DA:172,1
BRDA:172,12,0,-
BRDA:172,12,1,1
DA:176,1
DA:177,1
DA:178,1
DA:179,1
DA:180,1
DA:182,1
DA:183,1
BRDA:183,13,0,-
BRDA:183,13,1,1
DA:184,1
FN:188,UniswapV2Pair.swap
FNDA:3,UniswapV2Pair.swap
DA:194,2
BRDA:194,14,0,-
BRDA:194,14,1,2
DA:198,2
DA:199,2
BRDA:199,15,0,-
BRDA:199,15,1,2
DA:204,2
DA:205,2
DA:208,2
DA:209,2
DA:210,2
BRDA:210,16,0,-
BRDA:210,16,1,2
DA:211,2
BRDA:211,17,0,2
BRDA:211,17,1,2
DA:212,2
BRDA:212,18,0,-
BRDA:212,18,1,2
DA:213,2
BRDA:213,19,0,-
BRDA:213,19,1,-
DA:214,0
DA:220,2
DA:221,2
DA:223,2
DA:226,2
DA:229,2
BRDA:229,20,0,-
BRDA:229,20,1,2
DA:235,2
DA:236,2
DA:237,2
BRDA:237,21,0,-
BRDA:237,21,1,2
DA:244,2
DA:245,2
FN:249,UniswapV2Pair.skim
FNDA:1,UniswapV2Pair.skim
DA:250,1
DA:251,1
DA:252,1
DA:257,1
FN:265,UniswapV2Pair.sync
FNDA:2,UniswapV2Pair.sync
DA:266,2
FN:274,UniswapV2Pair.callMintFee
FNDA:1,UniswapV2Pair.callMintFee
DA:278,1
FNF:11
FNH:11
LF:95
LH:87
BRF:44
BRH:20
end_of_record
TN:
SF:src/libraries/Math.sol
FN:7,Math.min
FNDA:2,Math.min
DA:8,2
FN:12,Math.sqrt
FNDA:13,Math.sqrt
DA:13,13
BRDA:13,0,0,896
BRDA:13,0,1,13
DA:14,13
DA:15,13
DA:16,909
DA:17,896
DA:18,896
DA:20,0
BRDA:20,1,0,-
BRDA:20,1,1,-
DA:21,0
FNF:2
FNH:2
LF:9
LH:7
BRF:4
BRH:2
end_of_record
TN:
SF:src/libraries/SafeMath.sol
FN:7,SafeMath.add
FNDA:0,SafeMath.add
DA:8,0
BRDA:8,0,0,-
BRDA:8,0,1,-
FN:11,SafeMath.sub
FNDA:0,SafeMath.sub
DA:12,0
BRDA:12,1,0,-
BRDA:12,1,1,-
FN:15,SafeMath.mul
FNDA:0,SafeMath.mul
DA:16,0
BRDA:16,2,0,-
BRDA:16,2,1,-
FNF:3
FNH:0
LF:3
LH:0
BRF:6
BRH:0
end_of_record
TN:
SF:src/libraries/UQ112x112.sol
FN:13,UQ112x112.encode
FNDA:0,UQ112x112.encode
DA:14,0
FN:18,UQ112x112.uqdiv
FNDA:0,UQ112x112.uqdiv
DA:19,0
FNF:2
FNH:0
LF:2
LH:0
BRF:0
BRH:0
end_of_record
TN:
SF:src/test/UniswapV2.t.sol
FN:483,MockCallee.uniswapV2Call
FNDA:0,MockCallee.uniswapV2Call
DA:489,0
DA:490,0
DA:491,0
DA:492,0
FNF:1
FNH:0
LF:4
LH:0
BRF:0
BRH:0
end_of_record
