TN:
SF:src/UniswapV2ERC20.sol
FN:37,UniswapV2ERC20._mint
FNDA:40,UniswapV2ERC20._mint
DA:38,40
DA:39,40
DA:40,40
FN:43,UniswapV2ERC20._burn
FNDA:2,UniswapV2ERC20._burn
DA:44,2
DA:45,2
DA:46,2
FN:49,UniswapV2ERC20._approve
FNDA:34,UniswapV2ERC20._approve
DA:50,34
DA:51,34
FN:54,UniswapV2ERC20._transfer
FNDA:81,UniswapV2ERC20._transfer
DA:55,81
DA:56,81
DA:57,81
FN:60,UniswapV2ERC20.approve
FNDA:34,UniswapV2ERC20.approve
DA:61,34
DA:62,34
FN:65,UniswapV2ERC20.transfer
FNDA:58,UniswapV2ERC20.transfer
DA:66,58
DA:67,58
FN:70,UniswapV2ERC20.transferFrom
FNDA:23,UniswapV2ERC20.transferFrom
DA:75,23
BRDA:75,0,0,23
BRDA:75,0,1,23
DA:76,23
DA:78,23
DA:79,23
FN:82,UniswapV2ERC20.permit
FNDA:0,UniswapV2ERC20.permit
DA:91,0
BRDA:91,1,0,-
BRDA:91,1,1,-
DA:92,0
DA:108,0
DA:109,0
BRDA:109,2,0,-
BRDA:109,2,1,-
DA:113,0
FNF:8
FNH:7
LF:24
LH:19
BRF:6
BRH:2
end_of_record
TN:
SF:src/UniswapV2Factory.sol
FN:18,UniswapV2Factory.allPairsLength
FNDA:2,UniswapV2Factory.allPairsLength
DA:19,2
FN:22,UniswapV2Factory.createPair
FNDA:2,UniswapV2Factory.createPair
DA:26,2
BRDA:26,0,0,-
BRDA:26,0,1,2
DA:27,2
DA:30,2
BRDA:30,1,0,-
BRDA:30,1,1,2
DA:31,2
BRDA:31,2,0,-
BRDA:31,2,1,2
DA:35,2
DA:36,2
DA:38,2
DA:40,2
DA:41,2
DA:42,2
DA:43,2
DA:44,2
FN:47,UniswapV2Factory.setFeeTo
FNDA:2,UniswapV2Factory.setFeeTo
DA:48,2
BRDA:48,3,0,-
BRDA:48,3,1,2
DA:49,2
FN:52,UniswapV2Factory.setFeeToSetter
FNDA:1,UniswapV2Factory.setFeeToSetter
DA:53,1
BRDA:53,4,0,-
BRDA:53,4,1,1
DA:54,1
FNF:4
FNH:4
LF:17
LH:17
BRF:10
BRH:5
end_of_record
TN:
SF:src/UniswapV2Pair.sol
FN:42,UniswapV2Pair.getReserves
FNDA:30,UniswapV2Pair.getReserves
DA:51,57
DA:52,57
DA:53,57
FN:56,UniswapV2Pair._safeTransfer
FNDA:10,UniswapV2Pair._safeTransfer
DA:57,10
DA:60,10
BRDA:60,0,0,-
BRDA:60,0,1,10
FN:71,UniswapV2Pair.initialize
FNDA:4,UniswapV2Pair.initialize
DA:72,4
BRDA:72,1,0,-
BRDA:72,1,1,4
DA:73,4
DA:74,4
FN:78,UniswapV2Pair._update
FNDA:29,UniswapV2Pair._update
DA:84,29
BRDA:84,2,0,-
BRDA:84,2,1,29
DA:88,29
DA:89,29
DA:90,29
BRDA:90,3,0,-
BRDA:90,3,1,29
DA:92,0
DA:95,0
DA:99,29
DA:100,29
DA:101,29
DA:102,29
FN:106,UniswapV2Pair._mintFee
FNDA:23,UniswapV2Pair._mintFee
DA:110,23
DA:111,23
DA:112,23
DA:113,23
BRDA:113,4,0,-
BRDA:113,4,1,-
DA:114,2
BRDA:114,5,0,-
BRDA:114,5,1,-
DA:115,1
DA:116,1
DA:117,1
BRDA:117,6,0,-
BRDA:117,6,1,-
DA:118,0
DA:120,0
BRDA:120,7,0,-
BRDA:120,7,1,-
FN:127,UniswapV2Pair.mint
FNDA:21,UniswapV2Pair.mint
DA:128,21
DA:129,21
DA:130,21
DA:131,21
DA:132,21
DA:134,21
DA:135,21
DA:136,21
BRDA:136,8,0,19
BRDA:136,8,1,2
DA:137,19
DA:138,19
DA:140,2
DA:145,21
BRDA:145,9,0,-
BRDA:145,9,1,21
DA:146,21
DA:148,21
DA:149,21
BRDA:149,10,0,2
BRDA:149,10,1,21
DA:150,21
FN:154,UniswapV2Pair.burn
FNDA:2,UniswapV2Pair.burn
DA:157,2
DA:158,2
DA:159,2
DA:160,2
DA:161,2
DA:162,2
DA:164,2
DA:165,2
DA:166,2
DA:167,2
DA:169,2
BRDA:169,11,0,-
BRDA:169,11,1,2
DA:173,2
DA:174,2
DA:175,2
DA:176,2
DA:177,2
DA:179,2
DA:180,2
BRDA:180,12,0,-
BRDA:180,12,1,2
DA:181,2
FN:185,UniswapV2Pair.swap
FNDA:5,UniswapV2Pair.swap
DA:191,4
BRDA:191,13,0,-
BRDA:191,13,1,4
DA:195,4
DA:196,4
BRDA:196,14,0,-
BRDA:196,14,1,4
DA:201,4
DA:202,4
DA:205,4
DA:206,4
DA:207,4
BRDA:207,15,0,-
BRDA:207,15,1,4
DA:208,4
BRDA:208,16,0,2
BRDA:208,16,1,4
DA:209,4
BRDA:209,17,0,2
BRDA:209,17,1,4
DA:210,4
BRDA:210,18,0,-
BRDA:210,18,1,-
DA:211,4
DA:212,4
DA:214,4
DA:217,4
DA:220,4
BRDA:220,19,0,-
BRDA:220,19,1,4
DA:226,4
DA:227,4
DA:228,4
BRDA:228,20,0,-
BRDA:228,20,1,4
DA:235,4
DA:236,4
FN:240,UniswapV2Pair.skim
FNDA:1,UniswapV2Pair.skim
DA:241,1
DA:242,1
DA:243,1
DA:248,1
FN:256,UniswapV2Pair.sync
FNDA:2,UniswapV2Pair.sync
DA:257,2
FNF:10
FNH:10
LF:89
LH:85
BRF:42
BRH:20
end_of_record
TN:
SF:src/UniswapV2Router.sol
FN:20,UniswapV2Router.addLiquidity
FNDA:10,UniswapV2Router.addLiquidity
DA:29,10
BRDA:29,0,0,-
BRDA:29,0,1,1
DA:30,1
DA:33,10
DA:41,10
DA:46,10
DA:47,10
DA:48,10
FN:51,UniswapV2Router.removeLiquidity
FNDA:1,UniswapV2Router.removeLiquidity
DA:59,1
DA:64,1
DA:65,1
DA:66,1
BRDA:66,1,0,-
BRDA:66,1,1,1
DA:67,1
BRDA:67,2,0,-
BRDA:67,2,1,1
FN:70,UniswapV2Router.swapExactTokensForTokens
FNDA:2,UniswapV2Router.swapExactTokensForTokens
DA:76,2
DA:81,2
BRDA:81,3,0,1
BRDA:81,3,1,1
DA:82,1
DA:83,1
DA:89,1
FN:92,UniswapV2Router.swapTokensForExactTokens
FNDA:2,UniswapV2Router.swapTokensForExactTokens
DA:98,2
DA:103,2
BRDA:103,4,0,1
BRDA:103,4,1,1
DA:104,1
DA:105,1
DA:111,1
FN:114,UniswapV2Router._swap
FNDA:2,UniswapV2Router._swap
DA:119,2
DA:120,2
DA:121,2
DA:122,2
DA:123,2
DA:126,2
DA:133,2
FN:141,UniswapV2Router._calculateLiquidity
FNDA:4,UniswapV2Router._calculateLiquidity
DA:149,14
DA:154,14
DA:155,14
DA:157,14
BRDA:157,5,0,11
BRDA:157,5,1,3
DA:158,11
DA:160,3
DA:165,3
BRDA:165,6,0,1
BRDA:165,6,1,1
DA:166,2
BRDA:166,7,0,1
BRDA:166,7,1,1
DA:167,1
DA:168,1
DA:170,1
DA:175,1
BRDA:175,8,0,-
BRDA:175,8,1,1
DA:177,1
BRDA:177,9,0,-
BRDA:177,9,1,1
DA:178,0
DA:179,1
FN:184,UniswapV2Router._safeTransferFrom
FNDA:22,UniswapV2Router._safeTransferFrom
DA:190,22
DA:198,22
BRDA:198,10,0,-
BRDA:198,10,1,22
DA:199,0
FN:203,UniswapV2Router.quote
FNDA:2,UniswapV2Router.quote
DA:208,2
FNF:8
FNH:8
LF:48
LH:46
BRF:22
BRH:16
end_of_record
TN:
SF:src/UniswapV2Router02.sol
FN:35,UniswapV2Router02._addLiquidity
FNDA:0,UniswapV2Router02._addLiquidity
DA:44,0
BRDA:44,0,0,-
BRDA:44,0,1,-
DA:45,0
DA:47,0
DA:52,0
BRDA:52,1,0,-
BRDA:52,1,1,-
DA:53,0
DA:55,0
DA:60,0
BRDA:60,2,0,-
BRDA:60,2,1,-
DA:61,0
BRDA:61,3,0,-
BRDA:61,3,1,-
DA:65,0
DA:67,0
DA:72,0
BRDA:72,4,0,-
BRDA:72,4,1,-
DA:73,0
BRDA:73,5,0,-
BRDA:73,5,1,-
DA:77,0
FN:82,UniswapV2Router02.addLiquidity
FNDA:0,UniswapV2Router02.addLiquidity
DA:98,0
DA:106,0
DA:107,0
DA:108,0
DA:109,0
FN:112,UniswapV2Router02.addLiquidityETH
FNDA:0,UniswapV2Router02.addLiquidityETH
DA:127,0
DA:135,0
DA:136,0
DA:137,0
DA:138,0
BRDA:138,6,0,-
BRDA:138,6,1,-
DA:139,0
DA:141,0
BRDA:141,7,0,-
BRDA:141,7,1,-
DA:142,0
FN:146,UniswapV2Router02.removeLiquidity
FNDA:0,UniswapV2Router02.removeLiquidity
DA:161,0
DA:162,0
DA:163,0
DA:164,0
DA:165,0
DA:168,0
BRDA:168,8,0,-
BRDA:168,8,1,-
DA:172,0
BRDA:172,9,0,-
BRDA:172,9,1,-
FN:178,UniswapV2Router02.removeLiquidityETH
FNDA:0,UniswapV2Router02.removeLiquidityETH
DA:192,0
DA:201,0
DA:202,0
DA:203,0
FN:206,UniswapV2Router02.removeLiquidityWithPermit
FNDA:0,UniswapV2Router02.removeLiquidityWithPermit
DA:219,0
DA:220,0
DA:221,0
DA:230,0
FN:241,UniswapV2Router02.removeLiquidityETHWithPermit
FNDA:0,UniswapV2Router02.removeLiquidityETHWithPermit
DA:253,0
DA:254,0
DA:255,0
DA:264,0
FN:275,UniswapV2Router02.removeLiquidityETHSupportingFeeOnTransferTokens
FNDA:0,UniswapV2Router02.removeLiquidityETHSupportingFeeOnTransferTokens
DA:283,0
DA:292,0
DA:297,0
DA:298,0
FN:301,UniswapV2Router02.removeLiquidityETHWithPermitSupportingFeeOnTransferTokens
FNDA:0,UniswapV2Router02.removeLiquidityETHWithPermitSupportingFeeOnTransferTokens
DA:313,0
DA:314,0
DA:315,0
DA:324,0
FN:336,UniswapV2Router02._swap
FNDA:0,UniswapV2Router02._swap
DA:341,0
DA:342,0
DA:343,0
DA:344,0
DA:345,0
DA:348,0
DA:351,0
FN:356,UniswapV2Router02.swapExactTokensForTokens
FNDA:0,UniswapV2Router02.swapExactTokensForTokens
DA:369,0
DA:370,0
BRDA:370,10,0,-
BRDA:370,10,1,-
DA:374,0
DA:380,0
FN:383,UniswapV2Router02.swapTokensForExactTokens
FNDA:0,UniswapV2Router02.swapTokensForExactTokens
DA:396,0
DA:397,0
BRDA:397,11,0,-
BRDA:397,11,1,-
DA:401,0
DA:407,0
FN:410,UniswapV2Router02.swapExactETHForTokens
FNDA:0,UniswapV2Router02.swapExactETHForTokens
DA:423,0
BRDA:423,12,0,-
BRDA:423,12,1,-
DA:424,0
DA:425,0
BRDA:425,13,0,-
BRDA:425,13,1,-
DA:429,0
DA:430,0
BRDA:430,14,0,-
BRDA:430,14,1,-
DA:436,0
FN:439,UniswapV2Router02.swapTokensForExactETH
FNDA:0,UniswapV2Router02.swapTokensForExactETH
DA:452,0
BRDA:452,15,0,-
BRDA:452,15,1,-
DA:453,0
DA:454,0
BRDA:454,16,0,-
BRDA:454,16,1,-
DA:458,0
DA:464,0
DA:465,0
DA:466,0
FN:469,UniswapV2Router02.swapExactTokensForETH
FNDA:0,UniswapV2Router02.swapExactTokensForETH
DA:482,0
BRDA:482,17,0,-
BRDA:482,17,1,-
DA:483,0
DA:484,0
BRDA:484,18,0,-
BRDA:484,18,1,-
DA:488,0
DA:494,0
DA:495,0
DA:496,0
FN:499,UniswapV2Router02.swapETHForExactTokens
FNDA:0,UniswapV2Router02.swapETHForExactTokens
DA:512,0
BRDA:512,19,0,-
BRDA:512,19,1,-
DA:513,0
DA:514,0
BRDA:514,20,0,-
BRDA:514,20,1,-
DA:518,0
DA:519,0
BRDA:519,21,0,-
BRDA:519,21,1,-
DA:525,0
DA:527,0
BRDA:527,22,0,-
BRDA:527,22,1,-
DA:528,0
FN:533,UniswapV2Router02._swapSupportingFeeOnTransferTokens
FNDA:0,UniswapV2Router02._swapSupportingFeeOnTransferTokens
DA:537,0
DA:538,0
DA:539,0
DA:540,0
DA:543,0
DA:544,0
DA:547,0
DA:548,0
DA:551,0
DA:554,0
DA:560,0
DA:563,0
DA:566,0
FN:570,UniswapV2Router02.swapExactTokensForTokensSupportingFeeOnTransferTokens
FNDA:0,UniswapV2Router02.swapExactTokensForTokensSupportingFeeOnTransferTokens
DA:577,0
DA:583,0
DA:584,0
DA:585,0
BRDA:585,23,0,-
BRDA:585,23,1,-
FN:592,UniswapV2Router02.swapExactETHForTokensSupportingFeeOnTransferTokens
FNDA:0,UniswapV2Router02.swapExactETHForTokensSupportingFeeOnTransferTokens
DA:598,0
BRDA:598,24,0,-
BRDA:598,24,1,-
DA:599,0
DA:600,0
DA:601,0
BRDA:601,25,0,-
BRDA:601,25,1,-
DA:607,0
DA:608,0
DA:609,0
BRDA:609,26,0,-
BRDA:609,26,1,-
FN:616,UniswapV2Router02.swapExactTokensForETHSupportingFeeOnTransferTokens
FNDA:0,UniswapV2Router02.swapExactTokensForETHSupportingFeeOnTransferTokens
DA:623,0
BRDA:623,27,0,-
BRDA:623,27,1,-
DA:624,0
DA:630,0
DA:631,0
DA:632,0
BRDA:632,28,0,-
BRDA:632,28,1,-
DA:636,0
DA:637,0
FN:641,UniswapV2Router02.quote
FNDA:0,UniswapV2Router02.quote
DA:646,0
FN:649,UniswapV2Router02.getAmountOut
FNDA:0,UniswapV2Router02.getAmountOut
DA:654,0
FN:657,UniswapV2Router02.getAmountIn
FNDA:0,UniswapV2Router02.getAmountIn
DA:662,0
FN:665,UniswapV2Router02.getAmountsOut
FNDA:0,UniswapV2Router02.getAmountsOut
DA:669,0
FN:672,UniswapV2Router02.getAmountsIn
FNDA:0,UniswapV2Router02.getAmountsIn
DA:676,0
FNF:25
FNH:0
LF:132
LH:0
BRF:58
BRH:0
end_of_record
TN:
SF:src/libraries/Math.sol
FN:7,Math.min
FNDA:2,Math.min
DA:8,2
FN:12,Math.sqrt
FNDA:21,Math.sqrt
DA:13,21
BRDA:13,0,0,1395
BRDA:13,0,1,21
DA:14,21
DA:15,21
DA:16,1416
DA:17,1395
DA:18,1395
DA:20,0
BRDA:20,1,0,-
BRDA:20,1,1,-
DA:21,0
FNF:2
FNH:2
LF:9
LH:7
BRF:4
BRH:2
end_of_record
TN:
SF:src/libraries/SafeMath.sol
FN:7,SafeMath.add
FNDA:0,SafeMath.add
DA:8,0
BRDA:8,0,0,-
BRDA:8,0,1,-
FN:11,SafeMath.sub
FNDA:0,SafeMath.sub
DA:12,0
BRDA:12,1,0,-
BRDA:12,1,1,-
FN:15,SafeMath.mul
FNDA:0,SafeMath.mul
DA:16,0
BRDA:16,2,0,-
BRDA:16,2,1,-
FNF:3
FNH:0
LF:3
LH:0
BRF:6
BRH:0
end_of_record
TN:
SF:src/libraries/TransferHelper.sol
FN:7,TransferHelper.safeApprove
FNDA:0,TransferHelper.safeApprove
DA:9,0
DA:12,0
BRDA:12,0,0,-
BRDA:12,0,1,-
FN:18,TransferHelper.safeTransfer
FNDA:0,TransferHelper.safeTransfer
DA:20,0
DA:23,0
BRDA:23,1,0,-
BRDA:23,1,1,-
FN:29,TransferHelper.safeTransferFrom
FNDA:0,TransferHelper.safeTransferFrom
DA:36,0
DA:39,0
BRDA:39,2,0,-
BRDA:39,2,1,-
FN:45,TransferHelper.safeTransferETH
FNDA:0,TransferHelper.safeTransferETH
DA:46,0
DA:47,0
BRDA:47,3,0,-
BRDA:47,3,1,-
FNF:4
FNH:0
LF:8
LH:0
BRF:8
BRH:0
end_of_record
TN:
SF:src/libraries/UQ112x112.sol
FN:13,UQ112x112.encode
FNDA:0,UQ112x112.encode
DA:14,0
FN:18,UQ112x112.uqdiv
FNDA:0,UQ112x112.uqdiv
DA:19,0
FNF:2
FNH:0
LF:2
LH:0
BRF:0
BRH:0
end_of_record
TN:
SF:src/libraries/UniswapV2Library.sol
FN:13,UniswapV2Library.sortTokens
FNDA:20,UniswapV2Library.sortTokens
DA:17,20
BRDA:17,0,0,-
BRDA:17,0,1,20
DA:18,20
DA:21,20
BRDA:21,1,0,-
BRDA:21,1,1,20
FN:25,UniswapV2Library.pairFor
FNDA:33,UniswapV2Library.pairFor
DA:30,33
FN:33,UniswapV2Library.uintToAddress
FNDA:0,UniswapV2Library.uintToAddress
DA:34,0
FN:38,UniswapV2Library.getReserves
FNDA:18,UniswapV2Library.getReserves
DA:43,18
DA:44,18
DA:47,18
FN:53,UniswapV2Library.quote
FNDA:6,UniswapV2Library.quote
DA:58,6
BRDA:58,2,0,-
BRDA:58,2,1,6
DA:59,6
BRDA:59,3,0,-
BRDA:59,3,1,6
DA:63,6
FN:67,UniswapV2Library.getAmountOut
FNDA:2,UniswapV2Library.getAmountOut
DA:72,2
BRDA:72,4,0,-
BRDA:72,4,1,2
DA:73,2
BRDA:73,5,0,-
BRDA:73,5,1,2
DA:77,2
DA:78,2
DA:79,2
DA:80,2
FN:84,UniswapV2Library.getAmountIn
FNDA:2,UniswapV2Library.getAmountIn
DA:89,2
BRDA:89,6,0,-
BRDA:89,6,1,2
DA:90,2
BRDA:90,7,0,-
BRDA:90,7,1,2
DA:94,2
DA:95,2
DA:96,2
FN:100,UniswapV2Library.getAmountsOut
FNDA:2,UniswapV2Library.getAmountsOut
DA:105,2
BRDA:105,8,0,-
BRDA:105,8,1,2
DA:106,2
DA:107,2
DA:108,2
DA:109,2
DA:114,2
FN:119,UniswapV2Library.getAmountsIn
FNDA:2,UniswapV2Library.getAmountsIn
DA:124,2
BRDA:124,9,0,-
BRDA:124,9,1,2
DA:125,2
DA:126,2
DA:127,2
DA:128,2
DA:133,2
FNF:9
FNH:8
LF:34
LH:33
BRF:20
BRH:10
end_of_record
TN:
SF:src/test/UniswapV2Pair.t.sol
FN:473,MockCallee.uniswapV2Call
FNDA:0,MockCallee.uniswapV2Call
DA:479,0
DA:480,0
DA:481,0
DA:482,0
FNF:1
FNH:0
LF:4
LH:0
BRF:0
BRH:0
end_of_record
TN:
SF:src/test/WETH.sol
FN:15,WETH.transfer
FNDA:0,WETH.transfer
DA:16,0
DA:17,0
FN:20,WETH.deposit
FNDA:0,WETH.deposit
DA:21,0
FN:24,WETH.withdraw
FNDA:0,WETH.withdraw
DA:25,0
DA:26,0
FNF:3
FNH:0
LF:5
LH:0
BRF:0
BRH:0
end_of_record
